Arguments: 
  /Users/keckadmin/.nvm/versions/node/v16.2.0/bin/node /usr/local/Cellar/yarn/1.22.17/libexec/bin/yarn.js publish

PATH: 
  /Users/keckadmin/.nvm/versions/node/v16.2.0/bin:/opt/local/bin:/opt/local/sbin:/usr/local/bin:/usr/bin:/bin:/usr/sbin:/sbin:/Library/Apple/usr/bin:/Applications/MySQLWorkbench.app/Contents/MacOS

Yarn version: 
  1.22.17

Node version: 
  16.2.0

Platform: 
  darwin x64

Trace: 
  Error: canceled
      at Interface.<anonymous> (/usr/local/Cellar/yarn/1.22.17/libexec/lib/cli.js:137143:13)
      at Interface.emit (node:events:365:28)
      at Interface._ttyWrite (node:readline:1069:16)
      at ReadStream.onkeypress (node:readline:288:10)
      at ReadStream.emit (node:events:365:28)
      at emitKeys (node:internal/readline/utils:358:14)
      at emitKeys.next (<anonymous>)
      at ReadStream.onData (node:internal/readline/emitKeypressEvents:61:36)
      at ReadStream.emit (node:events:365:28)
      at addChunk (node:internal/streams/readable:314:12)

npm manifest: 
  {
    "name": "react-hook-gyroscope",
    "version": "1.0.0",
    "main": "index.js",
    "license": "MIT"
  }

yarn manifest: 
  No manifest

Lockfile: 
  No lockfile
